<?xml version="1.0" encoding="UTF-8"?>
<testsuite xmlns:xsi="http://www.w3.org/2001/XMLSchema-instance" xsi:noNamespaceSchemaLocation="https://maven.apache.org/surefire/maven-surefire-plugin/xsd/surefire-test-report-3.0.xsd" version="3.0" name="jakartamission.udbl.jakartamission.business.UtilisateurEntrepriseBeanTest" time="0.068" tests="5" errors="0" skipped="0" failures="0">
  <properties>
[...]
</properties>
  <testcase name="testJustification_Erreur_Doublon" classname="jakartamission.udbl.jakartamission.business.UtilisateurEntrepriseBeanTest" time="0.028">
    <system-out><![CDATA[
╔════════════════════════════════════════════════════════════════╗
║  JUSTIFICATION COMPLETE : ERREUR DE DOUBLON (USERNAME/EMAIL)   ║
╚════════════════════════════════════════════════════════════════╝

📋 DEFINITION DU PROBLEME
─────────────────────────
Tentative d'enregistrement d'un nouvel utilisateur avec :
  • Un username déjà existant
  • Ou une adresse email déjà existante
  • Ou les deux

⛔ ERREUR AFFICHEE
──────────────────
FacesMessage(SEVERITY_ERROR):
  'Ce nom d'utilisateur et cette adresse existent déjà'

🔍 ARCHITECTURE DE VALIDATION
──────────────────────────────

┌─ NIVEAU 1 : PRESENTATION (JSF/Managed Bean)
│  ├─ Classe : UtilisateurBean
│  ├─ Méthode : ajouterUtilisateur()
│  ├─ Vérifications :
│  │   ✓ password.equals(confirmPassword)
│  │   ✓ utilisateurEntrepriseBean.usernameExiste(username)
│  │   ✓ utilisateurEntrepriseBean.emailExiste(email)
│  └─ Résultat : FacesMessage avec message d'erreur

┌─ NIVEAU 2 : METIER (Business Logic)
│  ├─ Classe : UtilisateurEntrepriseBean
│  ├─ Méthodes :
│  │   ✓ usernameExiste(String username)
│  │   ✓ emailExiste(String email)
│  ├─ Requêtes JPQL :
│  │   SELECT u FROM User u WHERE u.username = :username
│  │   SELECT u FROM User u WHERE u.email = :email
│  ├─ Annotation : @Transactional
│  └─ Résultat : null si existe, User si new

┌─ NIVEAU 3 : PERSISTANCE (Database)
│  ├─ Classe Entité : User.java
│  ├─ Contraintes : @Column(unique = true)
│  │   @Column(unique = true, nullable = false, length = 50)
│  │   private String username;
│  │
│  │   @Column(unique = true, nullable = false, length = 100)
│  │   private String email;
│  │
│  ├─ Index créés en BD :
│  │   CREATE UNIQUE INDEX idx_username ON utilisateur(username);
│  │   CREATE UNIQUE INDEX idx_email ON utilisateur(email);
│  └─ Exception si violation : IntegrityConstraintViolationException

✅ FLUX D'EXECUTION
──────────────────
User Input (2 cas):
  │
  ├─ CAS 1: Données valides et uniques
  │         ↓
  │   ✓ Passe la validation front-end
  │   ✓ Passe la validation métier
  │   ✓ Enregistrement en BD
  │   ✓ Message : 'Utilisateur ajouté avec succès'
  │
  └─ CAS 2: Username ou Email déjà existant
           ↓
       ✗ Validation front-end échoue
       ✗ Message : 'Ce nom d'utilisateur et cette adresse existent déjà'
       ✗ Aucune requête BD envoyée
       ✗ Les champs restent remplis pour correction

🛡️  DEFENSE IN DEPTH (Sécurité en profondeur)
──────────────────────────────────────────
Même si quelqu'un contourne le front-end :
  1. Envoi direct au serveur (API hack)
  2. Bypass de UtilisateurBean
  3. La BD bloque quand même
  4. SQLException levée
  5. Données restent cohérentes

📊 TABLE UTILISATEUR
───────────────────
ID | Username    | Email           | Password (hash)
───┼─────────────┼─────────────────┼────────────────────
1  | john_doe    | john@mail.com   | $2a$10$...
2  | jane_smith  | jane@mail.com   | $2a$10$...
   | [UNIQUE KEY sur username, email]
   | Tentative insertion : john_doe (doublon)
   | ❌ ERREUR : Violation de contrainte UNIQUE

✨ RESUMÉ
────────
✓ Architecture robuste avec 3 niveaux de validation
✓ Message clair pour l'utilisateur
✓ Protection garantie même si hackée au front
✓ Performance optimale (validations rapides)
✓ Intégrité des données assurée
]]></system-out>
  </testcase>
  <testcase name="testUsernameExiste_UtilisateurInexistant" classname="jakartamission.udbl.jakartamission.business.UtilisateurEntrepriseBeanTest" time="0.007"/>
  <testcase name="testAjouter_EmailDuplique_DoitEchouer" classname="jakartamission.udbl.jakartamission.business.UtilisateurEntrepriseBeanTest" time="0.003">
    <system-out><![CDATA[
=== TEST : Ajouter un utilisateur avec EMAIL DUPLIQUE ===
Étape 1 : Création du premier utilisateur
  - Username : john_doe
  - Email : john@mail.com
  ✓ Vérification : l'email n'existe pas en base

Étape 2 : Tentative de création d'un 2e utilisateur avec le même email
  - Username : jane_doe (DIFFERENT)
  - Email : john@mail.com (IDENTIQUE) ❌

Étape 3 : Vérification avant insertion
  Appel de : emailExiste('john@mail.com')
  Résultat : false (car pas encore en base dans ce test unitaire)

✓ JUSTIFICATION DE L'ERREUR :
  1. Contrainte UNIQUE(@Column(unique = true))
     - La colonne email est définie avec unique = true
     - Crée un index UNIQUE en base de données

  2. Validation en 2 niveaux :
     a) FRONT-END (UtilisateurBean) :
        if (utilisateurEntrepriseBean.emailExiste(email)) {
            // Affiche : 'Ce nom d'utilisateur et cette adresse existent déjà'
        }

     b) BACK-END (Base de données) :
        - Même si la vérification front-end est contournée
        - La BD vérifie la contrainte UNIQUE
        - Lève une SQLException

  3. Protection en profondeur :
     - ValidationException (si validation JSR-303)
     - EntityExistsException (si duplicate key)
     - ConstraintViolationException (si contrainte BD)
]]></system-out>
  </testcase>
  <testcase name="testEmailExiste_EmailInexistant" classname="jakartamission.udbl.jakartamission.business.UtilisateurEntrepriseBeanTest" time="0.002"/>
  <testcase name="testAjouter_UsernameDuplique_DoitEchouer" classname="jakartamission.udbl.jakartamission.business.UtilisateurEntrepriseBeanTest" time="0.002">
    <system-out><![CDATA[
=== TEST : Ajouter un utilisateur avec USERNAME DUPLIQUE ===
Étape 1 : Création du premier utilisateur
  - Username : john_doe
  - Email : john@mail.com

Étape 2 : Tentative de création d'un 2e utilisateur avec le même username
  - Username : john_doe (IDENTIQUE) ❌
  - Email : jane@mail.com (DIFFERENT)

✓ JUSTIFICATION DE L'ERREUR :
  1. Contrainte UNIQUE(@Column(unique = true))
     - La colonne username est définie avec unique = true
     - Crée un index UNIQUE en base de données

  2. Validation au niveau UtilisateurBean :
     if (utilisateurEntrepriseBean.usernameExiste(username)) {
         context.addMessage(null, new FacesMessage(
             FacesMessage.SEVERITY_ERROR,
             'Ce nom d'utilisateur et cette adresse existent déjà',
             null));
         return; // Arrête l'insertion
     }

  3. Protection de la base de données :
     - Si le contrôle front-end est contourné (ex: appel direct API)
     - La BD lève une IntegrityConstraintViolationException
     - Empêche la duplication au niveau le plus bas
]]></system-out>
  </testcase>
</testsuite>